<?xml version="1.0" encoding="UTF-8"?>
<!-- Generated by org.testng.reporters.JUnitReportReporter -->
<testsuite hostname="DESKTOP-SCIUUS0" failures="0" tests="1" name="cucumberOptions.TestRunner" time="13.433" errors="0" timestamp="28 Dec 2021 16:15:36 GMT">
  <testcase classname="cucumberOptions.TestRunner" name="feature" time="13.433"/>
</testsuite> <!-- cucumberOptions.TestRunner -->
