<?xml version="1.0" encoding="UTF-8"?>
<!-- Generated by org.testng.reporters.JUnitReportReporter -->
<testsuite hostname="DESKTOP-SCIUUS0" failures="0" tests="1" name="ValidateNavigationBar" time="3.294" errors="0" timestamp="21 Dec 2021 13:51:51 GMT">
  <testcase classname="ValidateNavigationBar" name="navBarTest" time="3.294"/>
</testsuite> <!-- ValidateNavigationBar -->
